[2026.03.11-20.57.38:937] [AUnrealSimLoader::LaunchSimulation()] Launching simulation in Unreal Engine version 5.7.
[2026.03.11-20.57.38:938] Unreal Engine version is not the supported version of 5.1.
[2026.03.11-20.57.38:938] [AUnrealSimLoader] Setting Unreal Engine settings.
[2026.03.11-20.57.38:938] [AUnrealSimLoader::SetUnrealEngineSettings()] Setting console variable 'r.CustomDepth' to 3
[2026.03.11-20.57.38:945] [AUnrealSimLoader::SetUnrealEngineSettings()] Setting console variable 'g.TimeoutForBlockOnRenderFence' to 300000
[2026.03.11-20.57.38:945] [AUnrealSimLoader::SetUnrealEngineSettings()] Setting console variable 'r.Vulkan.EnableDefrag' to 0
[2026.03.11-20.57.38:945] [AUnrealSimLoader::SetUnrealEngineSettings()] Setting console variable 'PixelStreaming.WebRTC.DisableResolutionChange' to 0
[2026.03.11-20.57.38:945] [AUnrealSimLoader::SetUnrealEngineSettings()] Console variable 'PixelStreaming.WebRTC.DisableResolutionChange' could not be set
[2026.03.11-20.57.38:945] [AUnrealSimLoader::SetUnrealEngineSettings()] Setting console variable 'PixelStreaming.WebRTC.MaxBitrate' to 40000000
[2026.03.11-20.57.38:945] [AUnrealSimLoader::SetUnrealEngineSettings()] Setting console variable 'PixelStreaming.WebRTC.MaxFps' to 60
[2026.03.11-20.57.38:945] [AUnrealSimLoader::SetUnrealEngineSettings()] Console variable 'PixelStreaming.WebRTC.MaxFps' could not be set
[2026.03.11-20.57.38:945] [AUnrealSimLoader::SetUnrealEngineSettings()] Setting console variable 'PixelStreaming.WebRTC.DisableTransmitAudio' to 1
[2026.03.11-20.57.38:945] [AUnrealSimLoader::SetUnrealEngineSettings()] Setting console variable 'PixelStreaming.WebRTC.DisableReceiveAudio' to 1
[2026.03.11-20.57.38:945] [AUnrealSimLoader::LoadClientAuthorizationPublicKey()] Loaded public key from environment variable: ""
[2026.03.11-20.57.38:945] [microsoft::projectairsim::simulator] Loading Simulator.
[2026.03.11-20.57.38:945] [microsoft::projectairsim::simulator] Load 'id'.
[2026.03.11-20.57.38:945] [microsoft::projectairsim::simulator] [Sim] 'id' loaded.
[2026.03.11-20.57.38:945] [microsoft::projectairsim::simulator] [Sim] Load 'topics'.
[2026.03.11-20.57.38:945] [microsoft::projectairsim::simulator] [Sim] 'topics' loaded.
[2026.03.11-20.57.38:945] [microsoft::projectairsim::simulator] [Sim] Load 'services'.
[2026.03.11-20.57.38:945] [microsoft::projectairsim::simulator] [Sim] 'services' loaded.
[2026.03.11-20.57.38:945] [microsoft::projectairsim::simulator] [Sim] Load 'default-scene'.
[2026.03.11-20.57.38:945] [microsoft::projectairsim::simulator] [Sim] 'default-scene' loaded.
[2026.03.11-20.57.38:945] [microsoft::projectairsim::simulator] [Sim] Simulator successfully loaded.
[2026.03.11-20.57.38:945] [microsoft::projectairsim::simulator] Setting client authorization public key to ""
[2026.03.11-20.57.38:945] [microsoft::projectairsim::client_authorization] Client authorization public key cleared--all clients accepted and authorization tokens not required
[2026.03.11-20.57.38:945] [SimServer::RegisterServiceMethods] Registering service methods.
[2026.03.11-20.57.38:945] [SimServer::LoadScene] Loading scene.
[2026.03.11-20.57.38:945] [microsoft::projectairsim::simulator] Loading Default Scene
[2026.03.11-20.57.38:945] [microsoft::projectairsim::scene] Loading 'id'.
[2026.03.11-20.57.38:945] [microsoft::projectairsim::scene] [DefaultScene] 'id' loaded.
[2026.03.11-20.57.38:945] [microsoft::projectairsim::scene] [DefaultScene] Loading 'home-geo-point'.
[2026.03.11-20.57.38:945] [microsoft::projectairsim::scene] [DefaultScene] 'home-geo-point' missing or empty. Using default home geo point.
[2026.03.11-20.57.38:945] [microsoft::projectairsim::scene] [DefaultScene] Loading 'wind-settings'.
[2026.03.11-20.57.38:945] [microsoft::projectairsim::scene] [DefaultScene] 'wind-settings' missing or empty. Using default wind setting.
[2026.03.11-20.57.38:945] [microsoft::projectairsim::scene] [DefaultScene] Loading 'clock' settings.
[2026.03.11-20.57.38:945] [microsoft::projectairsim::scene] [DefaultScene] 'clock' missing or empty. Using default clock settings.
[2026.03.11-20.57.38:945] [microsoft::projectairsim::scene] [DefaultScene] Loading 'segmentation' settings.
[2026.03.11-20.57.38:945] [microsoft::projectairsim::scene] [DefaultScene] 'segmentation' missing or empty. Using default segmentation settings.
[2026.03.11-20.57.38:945] [microsoft::projectairsim::scene] Loading 'scene-type'.
[2026.03.11-20.57.38:945] [microsoft::projectairsim::scene] [DefaultScene] 'scene-type' loaded.
[2026.03.11-20.57.38:945] [microsoft::projectairsim::scene] Loading 'tiles-dir'.
[2026.03.11-20.57.38:945] [microsoft::projectairsim::scene] [DefaultScene] 'tiles-dir' loaded.
[2026.03.11-20.57.38:945] [microsoft::projectairsim::scene] Loading 'horizon-tiles-dir'.
[2026.03.11-20.57.38:945] [microsoft::projectairsim::scene] [DefaultScene] 'horizon-tiles-dir' loaded.
[2026.03.11-20.57.38:945] [microsoft::projectairsim::scene] Loading 'tiles-altitude-offset'.
[2026.03.11-20.57.38:945] [microsoft::projectairsim::scene] [DefaultScene] 'tiles-altitude-offset' loaded.
[2026.03.11-20.57.38:945] [microsoft::projectairsim::scene] Loading 'tiles-lod-max'.
[2026.03.11-20.57.38:945] [microsoft::projectairsim::scene] [DefaultScene] 'tiles-lod-max' loaded.
[2026.03.11-20.57.38:945] [microsoft::projectairsim::scene] Loading 'tiles-lod-min'.
[2026.03.11-20.57.38:945] [microsoft::projectairsim::scene] [DefaultScene] 'tiles-lod-min' loaded.
[2026.03.11-20.57.38:945] [microsoft::projectairsim::scene] [DefaultScene] Loading 'actors'.
[2026.03.11-20.57.38:945] [microsoft::projectairsim::scene] [DefaultScene] 'actors' missing or empty.
[2026.03.11-20.57.38:945] [microsoft::projectairsim::scene] [DefaultScene] Loading 'Enviroment Actors'.
[2026.03.11-20.57.38:946] [microsoft::projectairsim::scene] [DefaultScene] 'environment-actors' missing or empty.
[2026.03.11-20.57.38:946] [microsoft::projectairsim::scene] [DefaultScene] Loading 'vr-mode'.
[2026.03.11-20.57.38:946] [microsoft::projectairsim::scene] [DefaultScene][0] 'vr-mode' loaded.
[2026.03.11-20.57.38:946] [microsoft::projectairsim::simulator] [Sim] 'scene' loaded.
[2026.03.11-20.57.38:946] [SimServer::LoadPhysicsWorld] Loading physics bodies for scene 'DefaultScene'.
[2026.03.11-20.57.38:946] [SimServer::LoadControllers] Loading controllers for scene 'DefaultScene'.
[2026.03.11-20.57.38:946] [AUnrealSimLoader] Loading Unreal scene 'DefaultScene'.
[2026.03.11-20.57.38:946] [UnrealHelpers] SetActorName() to 'UnrealScene'.
[2026.03.11-20.57.38:946] [AUnrealSimLoader] Tile source provided by: default plugin path.
[2026.03.11-20.57.38:946] [AUnrealSimLoader] Resolved tiles directory = '../../../../../../Users/Ncburton/Desktop/Student Files/499 Projects/499-Codrone-Sim/sim/Content/glTF_tiles/'
[2026.03.11-20.57.38:946] [AUnrealSimLoader] Not a GIS scene. SceneType = 0.
[2026.03.11-20.57.38:946] [SimServer::StartSimulator] Starting simulator.
[2026.03.11-20.57.38:946] [microsoft::projectairsim::topic_manager] Topic socket created with id: '7'.
[2026.03.11-20.57.38:947] [microsoft::projectairsim::topic_manager] nng_listen success 'tcp://*:8989'.
[2026.03.11-20.57.38:947] [microsoft::projectairsim::service_manager] Starting ServiceManager
[2026.03.11-20.57.38:947] [microsoft::projectairsim::service_manager] nng socket for services created '8'.
[2026.03.11-20.57.38:947] [microsoft::projectairsim::service_manager] Services active at: 'tcp://*:8990'.
[2026.03.11-20.57.38:947] [AUnrealSimLoader] Starting Unreal scene.
[2026.03.11-20.57.38:949] Asset database ready.
[2026.03.11-20.57.38:950] Blueprint database ready.
[2026.03.11-20.57.38:952] Skeletal mesh database ready.
[2026.03.11-20.57.38:953] No SunSky objects found. TimeOfDay settings would ignored/not applied
[2026.03.11-20.57.38:953] [SimServer::StartScene] Starting scene.
[2026.03.11-21.00.42:797] [AUnrealSimLoader] Tearing down simulation.
[2026.03.11-21.00.42:797] [SimServer::StopScene] Stopping scene.
[2026.03.11-21.00.42:801] [microsoft::projectairsim::service_manager] Unregistered ALL ServiceMethods
[2026.03.11-21.00.42:802] [SimServer::StopSimulator] Stopping simulator.
[2026.03.11-21.00.42:802] [microsoft::projectairsim::service_manager] Stopping ServiceManager
[2026.03.11-21.00.42:806] [AUnrealSimLoader] Unloading Unreal scene.
[2026.03.11-21.00.42:806] [UnrealHelpers] Forcing Unreal garbage collection before loading new scene.
[2026.03.11-21.00.42:806] [UnrealHelpers] ForceUnrealGarbageCollection() was called on the game thread, so unable to wait until it completes before continuing. GC will be done at the next chance Unreal allows.
[2026.03.11-21.00.42:806] [SimServer::UnloadScene] Unloading scene.
[2026.03.11-21.00.42:806] [SimServer::UnloadControllers] Unloading controllers.
[2026.03.11-21.00.42:806] [SimServer::UnloadPhysicsWorld] Unloading physics bodies.
[2026.03.11-21.00.42:806] [SimServer::UnloadTileManager] Unloading tile manager.
[2026.03.11-21.00.42:806] [SimServer::UnloadSimulator] Unloading simulator.
[2026.03.11-21.00.42:806] [microsoft::projectairsim::simulator] [Sim] Unloading Simulator.
[2026.03.11-21.00.42:806] [microsoft::projectairsim::simulator] [Sim] Simulator successfully unloaded.
