11:36:02:085 [INFO] Connecting to simulation server at 127.0.0.1
11:36:02:092 [INFO] Connection opened.
11:36:02:093 [INFO] Started the pub-sub topic receiving thread.
11:36:02:093 [INFO] Loading scene config: scene_basic_drone.jsonc
11:36:03:010 [INFO] Getting the list of available topic info from the sim server...
11:36:03:036 [INFO] Successfully received topic info list.
11:36:05:055 [INFO] World object updated for the loaded scene '/Sim/SceneBasicDrone'. Note: Any previous Drone object instances may no longer be valid.
11:36:05:057 [INFO] Trajectory 'null_trajectory' imported successfully.
11:36:05:057 [INFO] Initalizing Drone 'Drone1'...
11:36:05:058 [INFO] -------------------------------------------------
11:36:05:058 [INFO] The following topics can be subscribed to for robot 'Drone1':
11:36:05:058 [INFO]     sensors["Chase"]["scene_camera"]
11:36:05:058 [INFO]     sensors["Chase"]["scene_camera_info"]
11:36:05:059 [INFO]     sensors["DownCamera"]["scene_camera"]
11:36:05:059 [INFO]     sensors["DownCamera"]["scene_camera_info"]
11:36:05:059 [INFO]     sensors["DownCamera"]["depth_camera"]
11:36:05:059 [INFO]     sensors["DownCamera"]["depth_camera_info"]
11:36:05:060 [INFO]     sensors["IMU1"]["imu_kinematics"]
11:36:05:060 [INFO]     sensors["GPS"]["gps"]
11:36:05:060 [INFO]     sensors["Barometer"]["barometer"]
11:36:05:061 [INFO]     sensors["Magnetometer"]["magnetometer"]
11:36:05:061 [INFO]     robot_info["actual_pose"]
11:36:05:061 [INFO]     robot_info["collision_info"]
11:36:05:061 [INFO]     robot_info["rotor_info"]
11:36:05:061 [INFO] -------------------------------------------------
11:36:05:061 [INFO] Drone 'Drone1' initialized for World scene '/Sim/SceneBasicDrone'
11:36:05:064 [INFO] Connected to AirSim with run number: 58
11:36:05:067 [INFO] Welcome to to Class 499's Codrone Simulator!
 We will begin the connecting process now.
11:36:05:067 [INFO] Valid Commands: 
11:36:05:067 [INFO] Reset
11:36:05:067 [INFO] Close
11:36:05:068 [INFO] Takeoff
11:36:05:068 [INFO] State_Polling
11:36:05:068 [INFO] Land
11:36:05:068 [INFO] Forward
11:36:05:068 [INFO] Backward
11:36:05:069 [INFO] Left
11:36:05:069 [INFO] Right
11:36:05:069 [INFO] Up
11:36:05:069 [INFO] Down
11:36:05:069 [INFO] Yaw_Left
11:36:05:069 [INFO] Yaw_Right
11:36:05:069 [INFO] 

11:36:22:383 [INFO] takeoff_async: starting
11:36:22:385 [INFO] takeoff_async: completed
11:36:22:386 [WARNING] Drone has exceeded safe altitude limits (z=306.428). Initiating emergency landing.
